build/app/outputs/mapping/release/mapping.txt
# compiler: R8
# compiler_version: 2.1.62
# min_api: 16
# pg_map_id: b6f4a6f
# common_typos_disable
...
io.flutter.plugin.common.BasicMessageChannel$IncomingReplyHandler -> c.a.c.a.a$c:
    io.flutter.plugin.common.BasicMessageChannel$Reply callback -> a
    io.flutter.plugin.common.BasicMessageChannel this$0 -> b
    void reply(java.nio.ByteBuffer) -> a
io.flutter.plugin.common.BasicMessageChannel$MessageHandler -> c.a.c.a.a$d:
    void onMessage(java.lang.Object,io.flutter.plugin.common.BasicMessageChannel$Reply) -> a
io.flutter.plugin.common.BasicMessageChannel$Reply -> c.a.c.a.a$e:
    void reply(java.lang.Object) -> a
io.flutter.plugin.common.BinaryMessenger -> c.a.c.a.b:
    void send(java.lang.String,java.nio.ByteBuffer,io.flutter.plugin.common.BinaryMessenger$BinaryReply) -> a
    void send(java.lang.String,java.nio.ByteBuffer) -> b
    void setMessageHandler(java.lang.String,io.flutter.plugin.common.BinaryMessenger$BinaryMessageHandler) -> e
io.flutter.plugin.common.BinaryMessenger$BinaryMessageHandler -> c.a.c.a.b$a:
    void onMessage(java.nio.ByteBuffer,io.flutter.plugin.common.BinaryMessenger$BinaryReply) -> a
io.flutter.plugin.common.BinaryMessenger$BinaryReply -> c.a.c.a.b$b:
    void reply(java.nio.ByteBuffer) -> a
io.flutter.plugin.common.EventChannel -> c.a.c.a.c:
    io.flutter.plugin.common.MethodCodec codec -> c
    io.flutter.plugin.common.BinaryMessenger messenger -> a
    java.lang.String name -> b
    io.flutter.plugin.common.MethodCodec access$000(io.flutter.plugin.common.EventChannel) -> a
    java.lang.String access$200(io.flutter.plugin.common.EventChannel) -> b
    io.flutter.plugin.common.BinaryMessenger access$400(io.flutter.plugin.common.EventChannel) -> c
    void setStreamHandler(io.flutter.plugin.common.EventChannel$StreamHandler) -> d
io.flutter.plugin.common.EventChannel$1 -> c.a.c.a.c$a:
io.flutter.plugin.common.EventChannel$EventSink -> c.a.c.a.c$b:
    void success(java.lang.Object) -> a
io.flutter.plugin.common.EventChannel$IncomingStreamRequestHandler -> c.a.c.a.c$c:
    io.flutter.plugin.common.EventChannel this$0 -> c
    java.util.concurrent.atomic.AtomicReference activeSink -> b
    io.flutter.plugin.common.EventChannel$StreamHandler handler -> a
    void onMessage(java.nio.ByteBuffer,io.flutter.plugin.common.BinaryMessenger$BinaryReply) -> a
    java.util.concurrent.atomic.AtomicReference access$300(io.flutter.plugin.common.EventChannel$IncomingStreamRequestHandler) -> b
    void onCancel(java.lang.Object,io.flutter.plugin.common.BinaryMessenger$BinaryReply) -> c
    void onListen(java.lang.Object,io.flutter.plugin.common.BinaryMessenger$BinaryReply) -> d
io.flutter.plugin.common.EventChannel$IncomingStreamRequestHandler$EventSinkImplementation -> c.a.c.a.c$c$a:
    io.flutter.plugin.common.EventChannel$IncomingStreamRequestHandler this$1 -> b
    java.util.concurrent.atomic.AtomicBoolean hasEnded -> a
    void success(java.lang.Object) -> a
io.flutter.plugin.common.EventChannel$StreamHandler -> c.a.c.a.c$d:
    void onCancel(java.lang.Object) -> a
    void onListen(java.lang.Object,io.flutter.plugin.common.EventChannel$EventSink) -> b
io.flutter.plugin.common.FlutterException -> c.a.c.a.d:
    java.lang.Object details -> b
    java.lang.String code -> a
io.flutter.plugin.common.JSONMessageCodec -> c.a.c.a.e:
    io.flutter.plugin.common.JSONMessageCodec INSTANCE -> a
    java.lang.Object decodeMessage(java.nio.ByteBuffer) -> a
    java.nio.ByteBuffer encodeMessage(java.lang.Object) -> b