build/app/outputs/mapping/release/usage.txt
com.example.productbox_flutter_exercise.R$dimen
com.example.productbox_flutter_exercise.R$attr
com.example.productbox_flutter_exercise.R$mipmap
com.example.productbox_flutter_exercise.R$color
com.example.productbox_flutter_exercise.R$id
com.example.productbox_flutter_exercise.R$styleable
com.example.productbox_flutter_exercise.BuildConfig
com.example.productbox_flutter_exercise.R$layout
com.example.productbox_flutter_exercise.R$integer
com.example.productbox_flutter_exercise.R$drawable
com.example.productbox_flutter_exercise.R
com.example.productbox_flutter_exercise.R$string
com.example.productbox_flutter_exercise.R$xml
com.example.productbox_flutter_exercise.R$style
...
kotlin.jvm.internal.ReflectionFactory
com.google.common.collect.MapMakerInternalMap$StrongKeyStrongValueEntry
com.google.common.collect.Multisets$2$1
com.google.common.collect.Sets$FilteredSet
com.google.common.util.concurrent.AbstractExecutionThreadService$1$1
androidx.activity.ComponentActivity$3:
    void <init>(androidx.activity.ComponentActivity)
androidx.loader.content.ModernAsyncTask$2
com.google.common.collect.AbstractMapBasedMultimap$AsMap$AsMapEntries
com.google.common.collect.TreeRangeMap$RangeMapEntry
io.flutter.view.FlutterView$FirstFrameListener
com.google.common.util.concurrent.DirectExecutor
kotlin.coroutines.experimental.migration.ExperimentalContinuationMigration
com.google.common.collect.ListMultimap
com.google.common.reflect.Types$JavaVersion$3
androidx.loader.content.ModernAsyncTask$WorkerRunnable
kotlin.io.FileTreeWalk$FileTreeWalkIterator$TopDownDirectoryState
androidx.core.content.FileProvider:
    private static final java.lang.String META_DATA_FILE_PROVIDER_PATHS
    private static final java.lang.String TAG_ROOT_PATH
    private static final java.lang.String TAG_FILES_PATH
    private static final java.lang.String TAG_CACHE_PATH
    private static final java.lang.String TAG_EXTERNAL
    private static final java.lang.String TAG_EXTERNAL_FILES
    private static final java.lang.String TAG_EXTERNAL_CACHE
    private static final java.lang.String TAG_EXTERNAL_MEDIA
    private static final java.lang.String ATTR_NAME
    private static final java.lang.String ATTR_PATH
kotlin.text.CharDirectionality$Companion
com.google.common.cache.LongAdder
kotlin.ranges.CharProgressionIterator
kotlin.jvm.internal.Ref$IntRef
androidx.core.app.FrameMetricsAggregator$FrameMetricsApi24Impl$1
com.google.common.hash.LongAddables
io.flutter.plugin.common.JSONUtil:
    private void <init>()
    public static java.lang.Object unwrap(java.lang.Object)
androidx.core.widget.NestedScrollView$AccessibilityDelegate
com.google.common.util.concurrent.AbstractIdleService$ThreadNameSupplier
com.google.common.collect.TreeRangeMap$AsMapOfRanges
androidx.core.content.ContextCompat:
    protected void <init>()
    public static boolean startActivities(android.content.Context,android.content.Intent[])
    public static boolean startActivities(android.content.Context,android.content.Intent[],android.os.Bundle)
    public static void startActivity(android.content.Context,android.content.Intent,android.os.Bundle)
    public static java.io.File getDataDir(android.content.Context)
    public static java.io.File[] getObbDirs(android.content.Context)
    public static android.graphics.drawable.Drawable getDrawable(android.content.Context,int)
    public static android.content.res.ColorStateList getColorStateList(android.content.Context,int)
    public static int getColor(android.content.Context,int)
    public static java.io.File getNoBackupFilesDir(android.content.Context)
    public static java.io.File getCodeCacheDir(android.content.Context)
    private static synchronized java.io.File createFilesDir(java.io.File)
    public static android.content.Context createDeviceProtectedStorageContext(android.content.Context)
    public static boolean isDeviceProtectedStorage(android.content.Context)
    public static java.util.concurrent.Executor getMainExecutor(android.content.Context)
    public static void startForegroundService(android.content.Context,android.content.Intent)
    public static java.lang.Object getSystemService(android.content.Context,java.lang.Class)
androidx.annotation.Dimension
com.google.common.base.Splitter$3
com.google.common.primitives.Booleans$BooleanComparator
androidx.core.widget.EdgeEffectCompat
androidx.core.view.accessibility.AccessibilityViewCommand$SetSelectionArguments
io.flutter.plugins.pathprovider.StorageDirectoryMapper:
    void <init>()
com.google.common.reflect.Types$ClassOwnership$1
kotlin.collections.unsigned.UArraysKt___UArraysKt$withIndex$2
kotlin.jvm.internal.ArrayBooleanIterator
kotlin.sequences.SequenceScope